#
# A fatal error has been detected by the Java Runtime Environment:
#
#  EXCEPTION_ACCESS_VIOLATION (0xc0000005) at pc=0x0000017a8cee04eb, pid=25992, tid=22896
#
# JRE version: OpenJDK Runtime Environment (11.0.5+10) (build 11.0.5+10-b520.38)
# Java VM: OpenJDK 64-Bit Server VM (11.0.5+10-b520.38, mixed mode, sharing, tiered, compressed oops, g1 gc, windows-amd64)
# Problematic frame:
# J 200% c2 com.company.Day03.rabbitSon(I)I (31 bytes) @ 0x0000017a8cee04eb [0x0000017a8cee04a0+0x000000000000004b]
#
# No core dump will be written. Minidumps are not enabled by default on client versions of Windows
#
# If you would like to submit a bug report, please visit:
#   http://bugreport.java.com/bugreport/crash.jsp
#

---------------  S U M M A R Y ------------

Command Line: -javaagent:D:\IJidea\IntelliJ IDEA 2019.3.3\lib\idea_rt.jar=51670:D:\IJidea\IntelliJ IDEA 2019.3.3\bin -Dfile.encoding=UTF-8 com.company.Day03

Host: Intel(R) Core(TM) i5-1035G1 CPU @ 1.00GHz, 8 cores, 15G,  Windows 10 , 64 bit Build 18362 (10.0.18362.900)
Time: Sun Jul 19 00:25:25 2020 ?D1¨²¡À¨º¡Á?¨º¡À?? elapsed time: 87 seconds (0d 0h 1m 27s)

---------------  T H R E A D  ---------------

Current thread (0x0000017aff9b6800):  JavaThread "main" [_thread_in_Java, id=22896, stack(0x0000002d36900000,0x0000002d36a00000)]

Stack: [0x0000002d36900000,0x0000002d36a00000],  sp=0x0000002d369ff650,  free space=1021k
Native frames: (J=compiled Java code, j=interpreted, Vv=VM code, C=native code)
C  0x0000017a8cee04eb


siginfo: EXCEPTION_ACCESS_VIOLATION (0xc0000005), reading address 0x000000000006b9c0


Register to memory mapping:

RIP=0x0000017a8cee04eb is at entry_point+75 in (nmethod*)0x0000017a8cee0310
RAX=0x0000000000000001 is an unknown value
RBX=0x0000000000000020 is an unknown value
RCX=0x0000017aff4d0000 points into unknown readable memory: 00 00 00 00 00 00 00 00
RDX=0x0000017aff4d0000 points into unknown readable memory: 00 00 00 00 00 00 00 00
RSP=0x0000002d369ff650 is pointing into the stack for thread: 0x0000017aff9b6800
RBP=0x00000000cc7352df is an unknown value
RSI=0x0000017aa154ab88 points into unknown readable memory: 77 b9 44 d6 00 2b 00 80
RDI=0x0000017aa16a5300 points into unknown readable memory: 70 00 00 00 18 00 00 00
R8 =0x000000000000c008 is an unknown value
R9 =0x000000005b046987 is an unknown value
R10=0x0000000000008000 is an unknown value
R11=0x0000002d369ff5b0 is pointing into the stack for thread: 0x0000017aff9b6800
R12=0x0 is NULL
R13=0x0000000069463b25 is an unknown value
R14=0x00000000f1be2e62 is an unknown value
R15=0x0000017aff9b6800 is a thread


Registers:
RAX=0x0000000000000001, RBX=0x0000000000000020, RCX=0x0000017aff4d0000, RDX=0x0000017aff4d0000
RSP=0x0000002d369ff650, RBP=0x00000000cc7352df, RSI=0x0000017aa154ab88, RDI=0x0000017aa16a5300
R8 =0x000000000000c008, R9 =0x000000005b046987, R10=0x0000000000008000, R11=0x0000002d369ff5b0
R12=0x0000000000000000, R13=0x0000000069463b25, R14=0x00000000f1be2e62, R15=0x0000017aff9b6800
RIP=0x0000017a8cee04eb, EFLAGS=0x0000000000010207

Top of Stack: (sp=0x0000002d369ff650)
0x0000002d369ff650:   0000017aa0ef9198 0000000700000000
0x0000002d369ff660:   0000017aa0ef8c78 0000000000000000
0x0000002d369ff670:   0000002d369ff6a0 0000002d369ff6f8
0x0000002d369ff680:   0000017a85409880 deaddeafcc7352df
0x0000002d369ff690:   0000002d369ff6f8 0000017a85409880
0x0000002d369ff6a0:   deaddeaf00000020 00000007135460e8
0x0000002d369ff6b0:   0000002d369ff6b0 0000017aa0ef8d27
0x0000002d369ff6c0:   0000002d369ff710 0000017aa0ef8db0
0x0000002d369ff6d0:   0000000000000000 000000071338d8c8
0x0000002d369ff6e0:   0000017aa0ef8d58 0000002d369ff6a0
0x0000002d369ff6f0:   0000002d369ff710 0000002d369ff8f0
0x0000002d369ff700:   0000017a85400d6a 0000000000000020
0x0000002d369ff710:   000000071338dc10 0000000000000000
0x0000002d369ff720:   0000000000000000 0000000000000000
0x0000002d369ff730:   0000000000000000 0000000000000000
0x0000002d369ff740:   0000000000000000 0000000000000000 

Instructions: (pc=0x0000017a8cee04eb)
0x0000017a8cee03eb:   00 00 00 00 00 00 00 00 00 00 00 00 00 00 00 00
0x0000017a8cee03fb:   00 00 00 00 00 00 00 00 00 00 00 00 00 00 00 00
0x0000017a8cee040b:   00 00 00 00 00 00 00 00 00 00 00 00 00 a0 04 ee
0x0000017a8cee041b:   8c 7a 01 00 00 a0 04 ee 8c 7a 01 00 00 b0 04 ee
0x0000017a8cee042b:   8c 7a 01 00 00 10 02 00 00 ff ff ff ff 90 01 00
0x0000017a8cee043b:   00 10 02 00 00 28 02 00 00 30 02 00 00 00 00 00
0x0000017a8cee044b:   00 60 02 00 00 a0 02 00 00 a8 02 00 00 a8 02 00
0x0000017a8cee045b:   00 a8 02 00 00 30 00 00 00 c8 00 00 00 04 00 00
0x0000017a8cee046b:   00 00 00 00 00 02 00 00 00 00 00 00 00 00 00 00
0x0000017a8cee047b:   00 e0 01 00 00 ff ff ff ff ff ff ff ff 4b a0 20
0x0000017a8cee048b:   64 15 00 00 64 0f 64 00 00 00 00 00 00 00 00 00
0x0000017a8cee049b:   00 00 00 00 00 cc 66 66 66 0f 1f 84 00 00 00 00
0x0000017a8cee04ab:   00 66 66 66 90 89 84 24 00 90 ff ff 55 48 83 ec
0x0000017a8cee04bb:   40 8b 5a 18 44 8b 6a 10 8b 2a 44 8b 72 08 48 8b
0x0000017a8cee04cb:   ca 49 ba 00 8b 7f 86 fb 7f 00 00 41 ff d2 83 fb
0x0000017a8cee04db:   03 7c 18 45 8b ce 45 03 cd 4d 8b 87 08 01 00 00
0x0000017a8cee04eb:   41 85 00 45 8b ee 45 8b f1 eb e8 ba 7e ff ff ff
0x0000017a8cee04fb:   44 89 6c 24 20 44 89 74 24 24 89 5c 24 28 66 90
0x0000017a8cee050b:   e8 70 7c 52 f8 0f 0b 0f 0b f4 f4 f4 f4 f4 f4 f4
0x0000017a8cee051b:   f4 f4 f4 f4 f4 e9 db 42 58 f8 e8 00 00 00 00 48
0x0000017a8cee052b:   83 2c 24 05 e9 6c 9e 54 f8 f4 f4 f4 f4 28 e5 40
0x0000017a8cee053b:   13 07 00 00 00 78 8c ef a0 7a 01 00 00 ff 04 00
0x0000017a8cee054b:   d3 00 00 d3 0b 00 d3 06 00 d3 06 00 01 1b 01 00
0x0000017a8cee055b:   00 04 00 c1 02 00 c1 01 00 e1 01 00 d3 02 00 01
0x0000017a8cee056b:   0e 14 00 00 00 ff ff ff ff 00 00 00 00 00 00 00
0x0000017a8cee057b:   00 00 00 00 00 4b 00 00 00 0e 00 00 00 00 00 00
0x0000017a8cee058b:   00 01 00 00 00 70 00 00 00 21 00 00 00 00 00 00
0x0000017a8cee059b:   00 00 00 00 00 99 00 00 00 00 00 00 00 00 00 00
0x0000017a8cee05ab:   00 00 00 00 00 00 00 00 00 00 00 00 00 00 00 00
0x0000017a8cee05bb:   00 00 00 00 00 00 00 00 00 00 00 00 00 00 00 00
0x0000017a8cee05cb:   00 00 00 00 00 00 00 00 00 00 00 00 00 00 00 00
0x0000017a8cee05db:   00 00 00 00 00 00 00 00 00 00 00 00 00 00 00 00 


Stack slot to memory mapping:
stack at sp + 0 slots: 0x0000017aa0ef9198 is pointing into metadata
stack at sp + 1 slots: 0x0000000700000000 is an unknown value
stack at sp + 2 slots: {method} {0x0000017aa0ef8c80} 'rabbitSon' '(I)I' in 'com/company/Day03'
stack at sp + 3 slots: 0x0 is NULL
stack at sp + 4 slots: 0x0000002d369ff6a0 is pointing into the stack for thread: 0x0000017aff9b6800
stack at sp + 5 slots: 0x0000002d369ff6f8 is pointing into the stack for thread: 0x0000017aff9b6800
stack at sp + 6 slots: 0x0000017a85409880 is at code_begin+832 in an Interpreter codelet
invoke return entry points  [0x0000017a85409540, 0x0000017a85409f60]  2592 bytes
stack at sp + 7 slots: 0xdeaddeafcc7352df is an unknown value



---------------  P R O C E S S  ---------------

Threads class SMR info:
_java_thread_list=0x0000017aa15a6b10, length=11, elements={
0x0000017aff9b6800, 0x0000017aa0aa3000, 0x0000017aa0aa4800, 0x0000017aa0ac5800,
0x0000017aa0ac6800, 0x0000017aa0acb000, 0x0000017aa0aed800, 0x0000017aa13d8000,
0x0000017aa1370800, 0x0000017aa15ad800, 0x0000017aa15b2000
}

Java Threads: ( => current thread )
=>0x0000017aff9b6800 JavaThread "main" [_thread_in_Java, id=22896, stack(0x0000002d36900000,0x0000002d36a00000)]
  0x0000017aa0aa3000 JavaThread "Reference Handler" daemon [_thread_blocked, id=23592, stack(0x0000002d37000000,0x0000002d37100000)]
  0x0000017aa0aa4800 JavaThread "Finalizer" daemon [_thread_blocked, id=25296, stack(0x0000002d37100000,0x0000002d37200000)]
  0x0000017aa0ac5800 JavaThread "Signal Dispatcher" daemon [_thread_blocked, id=18196, stack(0x0000002d37200000,0x0000002d37300000)]
  0x0000017aa0ac6800 JavaThread "Attach Listener" daemon [_thread_blocked, id=23684, stack(0x0000002d37300000,0x0000002d37400000)]
  0x0000017aa0acb000 JavaThread "C2 CompilerThread0" daemon [_thread_blocked, id=28332, stack(0x0000002d37400000,0x0000002d37500000)]
  0x0000017aa0aed800 JavaThread "C1 CompilerThread0" daemon [_thread_blocked, id=20676, stack(0x0000002d37500000,0x0000002d37600000)]
  0x0000017aa13d8000 JavaThread "Sweeper thread" daemon [_thread_blocked, id=14776, stack(0x0000002d37600000,0x0000002d37700000)]
  0x0000017aa1370800 JavaThread "Common-Cleaner" daemon [_thread_blocked, id=25268, stack(0x0000002d37700000,0x0000002d37800000)]
  0x0000017aa15ad800 JavaThread "Monitor Ctrl-Break" daemon [_thread_in_native, id=10416, stack(0x0000002d37900000,0x0000002d37a00000)]
  0x0000017aa15b2000 JavaThread "Service Thread" daemon [_thread_blocked, id=27484, stack(0x0000002d37a00000,0x0000002d37b00000)]

Other Threads:
  0x0000017aa0aa1800 VMThread "VM Thread" [stack: 0x0000002d36f00000,0x0000002d37000000] [id=6940]
  0x0000017aa15b3800 WatcherThread [stack: 0x0000002d37b00000,0x0000002d37c00000] [id=13412]
  0x0000017aff9cf800 GCTaskThread "GC Thread#0" [stack: 0x0000002d36a00000,0x0000002d36b00000] [id=22904]
  0x0000017affa2b000 ConcurrentGCThread "G1 Main Marker" [stack: 0x0000002d36b00000,0x0000002d36c00000] [id=24308]
  0x0000017affa2e000 ConcurrentGCThread "G1 Conc#0" [stack: 0x0000002d36c00000,0x0000002d36d00000] [id=8280]
  0x0000017aa09b2000 ConcurrentGCThread "G1 Refine#0" [stack: 0x0000002d36d00000,0x0000002d36e00000] [id=26680]
  0x0000017aa09b5000 ConcurrentGCThread "G1 Young RemSet Sampling" [stack: 0x0000002d36e00000,0x0000002d36f00000] [id=14388]

Threads with active compile tasks:

VM state:not at safepoint (normal execution)

VM Mutex/Monitor currently owned by a thread: None

Heap address: 0x0000000703800000, size: 4040 MB, Compressed Oops mode: Zero based, Oop shift amount: 3
Narrow klass base: 0x0000000800000000, Narrow klass shift: 3
Compressed class space size: 1073741824 Address: 0x0000000840000000

Heap:
 garbage-first heap   total 260096K, used 4096K [0x0000000703800000, 0x0000000800000000)
  region size 1024K, 5 young (5120K), 0 survivors (0K)
 Metaspace       used 1091K, capacity 4560K, committed 4864K, reserved 1056768K
  class space    used 95K, capacity 409K, committed 512K, reserved 1048576K
Heap Regions: E=young(eden), S=young(survivor), O=old, HS=humongous(starts), HC=humongous(continues), CS=collection set, F=free, A=archive, TAMS=top-at-mark-start (previous, next)
|   0|0x0000000703800000, 0x0000000703800000, 0x0000000703900000|  0%| F|  |TAMS 0x0000000703800000, 0x0000000703800000| Untracked 
|   1|0x0000000703900000, 0x0000000703900000, 0x0000000703a00000|  0%| F|  |TAMS 0x0000000703900000, 0x0000000703900000| Untracked 
|   2|0x0000000703a00000, 0x0000000703a00000, 0x0000000703b00000|  0%| F|  |TAMS 0x0000000703a00000, 0x0000000703a00000| Untracked 
|   3|0x0000000703b00000, 0x0000000703b00000, 0x0000000703c00000|  0%| F|  |TAMS 0x0000000703b00000, 0x0000000703b00000| Untracked 
|   4|0x0000000703c00000, 0x0000000703c00000, 0x0000000703d00000|  0%| F|  |TAMS 0x0000000703c00000, 0x0000000703c00000| Untracked 
|   5|0x0000000703d00000, 0x0000000703d00000, 0x0000000703e00000|  0%| F|  |TAMS 0x0000000703d00000, 0x0000000703d00000| Untracked 
|   6|0x0000000703e00000, 0x0000000703e00000, 0x0000000703f00000|  0%| F|  |TAMS 0x0000000703e00000, 0x0000000703e00000| Untracked 
|   7|0x0000000703f00000, 0x0000000703f00000, 0x0000000704000000|  0%| F|  |TAMS 0x0000000703f00000, 0x0000000703f00000| Untracked 
|   8|0x0000000704000000, 0x0000000704000000, 0x0000000704100000|  0%| F|  |TAMS 0x0000000704000000, 0x0000000704000000| Untracked 
|   9|0x0000000704100000, 0x0000000704100000, 0x0000000704200000|  0%| F|  |TAMS 0x0000000704100000, 0x0000000704100000| Untracked 
|  10|0x0000000704200000, 0x0000000704200000, 0x0000000704300000|  0%| F|  |TAMS 0x0000000704200000, 0x0000000704200000| Untracked 
|  11|0x0000000704300000, 0x0000000704300000, 0x0000000704400000|  0%| F|  |TAMS 0x0000000704300000, 0x0000000704300000| Untracked 
|  12|0x0000000704400000, 0x0000000704400000, 0x0000000704500000|  0%| F|  |TAMS 0x0000000704400000, 0x0000000704400000| Untracked 
|  13|0x0000000704500000, 0x0000000704500000, 0x0000000704600000|  0%| F|  |TAMS 0x0000000704500000, 0x0000000704500000| Untracked 
|  14|0x0000000704600000, 0x0000000704600000, 0x0000000704700000|  0%| F|  |TAMS 0x0000000704600000, 0x0000000704600000| Untracked 
|  15|0x0000000704700000, 0x0000000704700000, 0x0000000704800000|  0%| F|  |TAMS 0x0000000704700000, 0x0000000704700000| Untracked 
|  16|0x0000000704800000, 0x0000000704800000, 0x0000000704900000|  0%| F|  |TAMS 0x0000000704800000, 0x0000000704800000| Untracked 
|  17|0x0000000704900000, 0x0000000704900000, 0x0000000704a00000|  0%| F|  |TAMS 0x0000000704900000, 0x0000000704900000| Untracked 
|  18|0x0000000704a00000, 0x0000000704a00000, 0x0000000704b00000|  0%| F|  |TAMS 0x0000000704a00000, 0x0000000704a00000| Untracked 
|  19|0x0000000704b00000, 0x0000000704b00000, 0x0000000704c00000|  0%| F|  |TAMS 0x0000000704b00000, 0x0000000704b00000| Untracked 
|  20|0x0000000704c00000, 0x0000000704c00000, 0x0000000704d00000|  0%| F|  |TAMS 0x0000000704c00000, 0x0000000704c00000| Untracked 
|  21|0x0000000704d00000, 0x0000000704d00000, 0x0000000704e00000|  0%| F|  |TAMS 0x0000000704d00000, 0x0000000704d00000| Untracked 
|  22|0x0000000704e00000, 0x0000000704e00000, 0x0000000704f00000|  0%| F|  |TAMS 0x0000000704e00000, 0x0000000704e00000| Untracked 
|  23|0x0000000704f00000, 0x0000000704f00000, 0x0000000705000000|  0%| F|  |TAMS 0x0000000704f00000, 0x0000000704f00000| Untracked 
|  24|0x0000000705000000, 0x0000000705000000, 0x0000000705100000|  0%| F|  |TAMS 0x0000000705000000, 0x0000000705000000| Untracked 
|  25|0x0000000705100000, 0x0000000705100000, 0x0000000705200000|  0%| F|  |TAMS 0x0000000705100000, 0x0000000705100000| Untracked 
|  26|0x0000000705200000, 0x0000000705200000, 0x0000000705300000|  0%| F|  |TAMS 0x0000000705200000, 0x0000000705200000| Untracked 
|  27|0x0000000705300000, 0x0000000705300000, 0x0000000705400000|  0%| F|  |TAMS 0x0000000705300000, 0x0000000705300000| Untracked 
|  28|0x0000000705400000, 0x0000000705400000, 0x0000000705500000|  0%| F|  |TAMS 0x0000000705400000, 0x0000000705400000| Untracked 
|  29|0x0000000705500000, 0x0000000705500000, 0x0000000705600000|  0%| F|  |TAMS 0x0000000705500000, 0x0000000705500000| Untracked 
|  30|0x0000000705600000, 0x0000000705600000, 0x0000000705700000|  0%| F|  |TAMS 0x0000000705600000, 0x0000000705600000| Untracked 
|  31|0x0000000705700000, 0x0000000705700000, 0x0000000705800000|  0%| F|  |TAMS 0x0000000705700000, 0x0000000705700000| Untracked 
|  32|0x0000000705800000, 0x0000000705800000, 0x0000000705900000|  0%| F|  |TAMS 0x0000000705800000, 0x0000000705800000| Untracked 
|  33|0x0000000705900000, 0x0000000705900000, 0x0000000705a00000|  0%| F|  |TAMS 0x0000000705900000, 0x0000000705900000| Untracked 
|  34|0x0000000705a00000, 0x0000000705a00000, 0x0000000705b00000|  0%| F|  |TAMS 0x0000000705a00000, 0x0000000705a00000| Untracked 
|  35|0x0000000705b00000, 0x0000000705b00000, 0x0000000705c00000|  0%| F|  |TAMS 0x0000000705b00000, 0x0000000705b00000| Untracked 
|  36|0x0000000705c00000, 0x0000000705c00000, 0x0000000705d00000|  0%| F|  |TAMS 0x0000000705c00000, 0x0000000705c00000| Untracked 
|  37|0x0000000705d00000, 0x0000000705d00000, 0x0000000705e00000|  0%| F|  |TAMS 0x0000000705d00000, 0x0000000705d00000| Untracked 
|  38|0x0000000705e00000, 0x0000000705e00000, 0x0000000705f00000|  0%| F|  |TAMS 0x0000000705e00000, 0x0000000705e00000| Untracked 
|  39|0x0000000705f00000, 0x0000000705f00000, 0x0000000706000000|  0%| F|  |TAMS 0x0000000705f00000, 0x0000000705f00000| Untracked 
|  40|0x0000000706000000, 0x0000000706000000, 0x0000000706100000|  0%| F|  |TAMS 0x0000000706000000, 0x0000000706000000| Untracked 
|  41|0x0000000706100000, 0x0000000706100000, 0x0000000706200000|  0%| F|  |TAMS 0x0000000706100000, 0x0000000706100000| Untracked 
|  42|0x0000000706200000, 0x0000000706200000, 0x0000000706300000|  0%| F|  |TAMS 0x0000000706200000, 0x0000000706200000| Untracked 
|  43|0x0000000706300000, 0x0000000706300000, 0x0000000706400000|  0%| F|  |TAMS 0x0000000706300000, 0x0000000706300000| Untracked 
|  44|0x0000000706400000, 0x0000000706400000, 0x0000000706500000|  0%| F|  |TAMS 0x0000000706400000, 0x0000000706400000| Untracked 
|  45|0x0000000706500000, 0x0000000706500000, 0x0000000706600000|  0%| F|  |TAMS 0x0000000706500000, 0x0000000706500000| Untracked 
|  46|0x0000000706600000, 0x0000000706600000, 0x0000000706700000|  0%| F|  |TAMS 0x0000000706600000, 0x0000000706600000| Untracked 
|  47|0x0000000706700000, 0x0000000706700000, 0x0000000706800000|  0%| F|  |TAMS 0x0000000706700000, 0x0000000706700000| Untracked 
|  48|0x0000000706800000, 0x0000000706800000, 0x0000000706900000|  0%| F|  |TAMS 0x0000000706800000, 0x0000000706800000| Untracked 
|  49|0x0000000706900000, 0x0000000706900000, 0x0000000706a00000|  0%| F|  |TAMS 0x0000000706900000, 0x0000000706900000| Untracked 
|  50|0x0000000706a00000, 0x0000000706a00000, 0x0000000706b00000|  0%| F|  |TAMS 0x0000000706a00000, 0x0000000706a00000| Untracked 
|  51|0x0000000706b00000, 0x0000000706b00000, 0x0000000706c00000|  0%| F|  |TAMS 0x0000000706b00000, 0x0000000706b00000| Untracked 
|  52|0x0000000706c00000, 0x0000000706c00000, 0x0000000706d00000|  0%| F|  |TAMS 0x0000000706c00000, 0x0000000706c00000| Untracked 
|  53|0x0000000706d00000, 0x0000000706d00000, 0x0000000706e00000|  0%| F|  |TAMS 0x0000000706d00000, 0x0000000706d00000| Untracked 
|  54|0x0000000706e00000, 0x0000000706e00000, 0x0000000706f00000|  0%| F|  |TAMS 0x0000000706e00000, 0x0000000706e00000| Untracked 
|  55|0x0000000706f00000, 0x0000000706f00000, 0x0000000707000000|  0%| F|  |TAMS 0x0000000706f00000, 0x0000000706f00000| Untracked 
|  56|0x0000000707000000, 0x0000000707000000, 0x0000000707100000|  0%| F|  |TAMS 0x0000000707000000, 0x0000000707000000| Untracked 
|  57|0x0000000707100000, 0x0000000707100000, 0x0000000707200000|  0%| F|  |TAMS 0x0000000707100000, 0x0000000707100000| Untracked 
|  58|0x0000000707200000, 0x0000000707200000, 0x0000000707300000|  0%| F|  |TAMS 0x0000000707200000, 0x0000000707200000| Untracked 
|  59|0x0000000707300000, 0x0000000707300000, 0x0000000707400000|  0%| F|  |TAMS 0x0000000707300000, 0x0000000707300000| Untracked 
|  60|0x0000000707400000, 0x0000000707400000, 0x0000000707500000|  0%| F|  |TAMS 0x0000000707400000, 0x0000000707400000| Untracked 
|  61|0x0000000707500000, 0x0000000707500000, 0x0000000707600000|  0%| F|  |TAMS 0x0000000707500000, 0x0000000707500000| Untracked 
|  62|0x0000000707600000, 0x0000000707600000, 0x0000000707700000|  0%| F|  |TAMS 0x0000000707600000, 0x0000000707600000| Untracked 
|  63|0x0000000707700000, 0x0000000707700000, 0x0000000707800000|  0%| F|  |TAMS 0x0000000707700000, 0x0000000707700000| Untracked 
|  64|0x0000000707800000, 0x0000000707800000, 0x0000000707900000|  0%| F|  |TAMS 0x0000000707800000, 0x0000000707800000| Untracked 
|  65|0x0000000707900000, 0x0000000707900000, 0x0000000707a00000|  0%| F|  |TAMS 0x0000000707900000, 0x0000000707900000| Untracked 
|  66|0x0000000707a00000, 0x0000000707a00000, 0x0000000707b00000|  0%| F|  |TAMS 0x0000000707a00000, 0x0000000707a00000| Untracked 
|  67|0x0000000707b00000, 0x0000000707b00000, 0x0000000707c00000|  0%| F|  |TAMS 0x0000000707b00000, 0x0000000707b00000| Untracked 
|  68|0x0000000707c00000, 0x0000000707c00000, 0x0000000707d00000|  0%| F|  |TAMS 0x0000000707c00000, 0x0000000707c00000| Untracked 
|  69|0x0000000707d00000, 0x0000000707d00000, 0x0000000707e00000|  0%| F|  |TAMS 0x0000000707d00000, 0x0000000707d00000| Untracked 
|  70|0x0000000707e00000, 0x0000000707e00000, 0x0000000707f00000|  0%| F|  |TAMS 0x0000000707e00000, 0x0000000707e00000| Untracked 
|  71|0x0000000707f00000, 0x0000000707f00000, 0x0000000708000000|  0%| F|  |TAMS 0x0000000707f00000, 0x0000000707f00000| Untracked 
|  72|0x0000000708000000, 0x0000000708000000, 0x0000000708100000|  0%| F|  |TAMS 0x0000000708000000, 0x0000000708000000| Untracked 
|  73|0x0000000708100000, 0x0000000708100000, 0x0000000708200000|  0%| F|  |TAMS 0x0000000708100000, 0x0000000708100000| Untracked 
|  74|0x0000000708200000, 0x0000000708200000, 0x0000000708300000|  0%| F|  |TAMS 0x0000000708200000, 0x0000000708200000| Untracked 
|  75|0x0000000708300000, 0x0000000708300000, 0x0000000708400000|  0%| F|  |TAMS 0x0000000708300000, 0x0000000708300000| Untracked 
|  76|0x0000000708400000, 0x0000000708400000, 0x0000000708500000|  0%| F|  |TAMS 0x0000000708400000, 0x0000000708400000| Untracked 
|  77|0x0000000708500000, 0x0000000708500000, 0x0000000708600000|  0%| F|  |TAMS 0x0000000708500000, 0x0000000708500000| Untracked 
|  78|0x0000000708600000, 0x0000000708600000, 0x0000000708700000|  0%| F|  |TAMS 0x0000000708600000, 0x0000000708600000| Untracked 
|  79|0x0000000708700000, 0x0000000708700000, 0x0000000708800000|  0%| F|  |TAMS 0x0000000708700000, 0x0000000708700000| Untracked 
|  80|0x0000000708800000, 0x0000000708800000, 0x0000000708900000|  0%| F|  |TAMS 0x0000000708800000, 0x0000000708800000| Untracked 
|  81|0x0000000708900000, 0x0000000708900000, 0x0000000708a00000|  0%| F|  |TAMS 0x0000000708900000, 0x0000000708900000| Untracked 
|  82|0x0000000708a00000, 0x0000000708a00000, 0x0000000708b00000|  0%| F|  |TAMS 0x0000000708a00000, 0x0000000708a00000| Untracked 
|  83|0x0000000708b00000, 0x0000000708b00000, 0x0000000708c00000|  0%| F|  |TAMS 0x0000000708b00000, 0x0000000708b00000| Untracked 
|  84|0x0000000708c00000, 0x0000000708c00000, 0x0000000708d00000|  0%| F|  |TAMS 0x0000000708c00000, 0x0000000708c00000| Untracked 
|  85|0x0000000708d00000, 0x0000000708d00000, 0x0000000708e00000|  0%| F|  |TAMS 0x0000000708d00000, 0x0000000708d00000| Untracked 
|  86|0x0000000708e00000, 0x0000000708e00000, 0x0000000708f00000|  0%| F|  |TAMS 0x0000000708e00000, 0x0000000708e00000| Untracked 
|  87|0x0000000708f00000, 0x0000000708f00000, 0x0000000709000000|  0%| F|  |TAMS 0x0000000708f00000, 0x0000000708f00000| Untracked 
|  88|0x0000000709000000, 0x0000000709000000, 0x0000000709100000|  0%| F|  |TAMS 0x0000000709000000, 0x0000000709000000| Untracked 
|  89|0x0000000709100000, 0x0000000709100000, 0x0000000709200000|  0%| F|  |TAMS 0x0000000709100000, 0x0000000709100000| Untracked 
|  90|0x0000000709200000, 0x0000000709200000, 0x0000000709300000|  0%| F|  |TAMS 0x0000000709200000, 0x0000000709200000| Untracked 
|  91|0x0000000709300000, 0x0000000709300000, 0x0000000709400000|  0%| F|  |TAMS 0x0000000709300000, 0x0000000709300000| Untracked 
|  92|0x0000000709400000, 0x0000000709400000, 0x0000000709500000|  0%| F|  |TAMS 0x0000000709400000, 0x0000000709400000| Untracked 
|  93|0x0000000709500000, 0x0000000709500000, 0x0000000709600000|  0%| F|  |TAMS 0x0000000709500000, 0x0000000709500000| Untracked 
|  94|0x0000000709600000, 0x0000000709600000, 0x0000000709700000|  0%| F|  |TAMS 0x0000000709600000, 0x0000000709600000| Untracked 
|  95|0x0000000709700000, 0x0000000709700000, 0x0000000709800000|  0%| F|  |TAMS 0x0000000709700000, 0x0000000709700000| Untracked 
|  96|0x0000000709800000, 0x0000000709800000, 0x0000000709900000|  0%| F|  |TAMS 0x0000000709800000, 0x0000000709800000| Untracked 
|  97|0x0000000709900000, 0x0000000709900000, 0x0000000709a00000|  0%| F|  |TAMS 0x0000000709900000, 0x0000000709900000| Untracked 
|  98|0x0000000709a00000, 0x0000000709a00000, 0x0000000709b00000|  0%| F|  |TAMS 0x0000000709a00000, 0x0000000709a00000| Untracked 
|  99|0x0000000709b00000, 0x0000000709b00000, 0x0000000709c00000|  0%| F|  |TAMS 0x0000000709b00000, 0x0000000709b00000| Untracked 
| 100|0x0000000709c00000, 0x0000000709c00000, 0x0000000709d00000|  0%| F|  |TAMS 0x0000000709c00000, 0x0000000709c00000| Untracked 
| 101|0x0000000709d00000, 0x0000000709d00000, 0x0000000709e00000|  0%| F|  |TAMS 0x0000000709d00000, 0x0000000709d00000| Untracked 
| 102|0x0000000709e00000, 0x0000000709e00000, 0x0000000709f00000|  0%| F|  |TAMS 0x0000000709e00000, 0x0000000709e00000| Untracked 
| 103|0x0000000709f00000, 0x0000000709f00000, 0x000000070a000000|  0%| F|  |TAMS 0x0000000709f00000, 0x0000000709f00000| Untracked 
| 104|0x000000070a000000, 0x000000070a000000, 0x000000070a100000|  0%| F|  |TAMS 0x000000070a000000, 0x000000070a000000| Untracked 
| 105|0x000000070a100000, 0x000000070a100000, 0x000000070a200000|  0%| F|  |TAMS 0x000000070a100000, 0x000000070a100000| Untracked 
| 106|0x000000070a200000, 0x000000070a200000, 0x000000070a300000|  0%| F|  |TAMS 0x000000070a200000, 0x000000070a200000| Untracked 
| 107|0x000000070a300000, 0x000000070a300000, 0x000000070a400000|  0%| F|  |TAMS 0x000000070a300000, 0x000000070a300000| Untracked 
| 108|0x000000070a400000, 0x000000070a400000, 0x000000070a500000|  0%| F|  |TAMS 0x000000070a400000, 0x000000070a400000| Untracked 
| 109|0x000000070a500000, 0x000000070a500000, 0x000000070a600000|  0%| F|  |TAMS 0x000000070a500000, 0x000000070a500000| Untracked 
| 110|0x000000070a600000, 0x000000070a600000, 0x000000070a700000|  0%| F|  |TAMS 0x000000070a600000, 0x000000070a600000| Untracked 
| 111|0x000000070a700000, 0x000000070a700000, 0x000000070a800000|  0%| F|  |TAMS 0x000000070a700000, 0x000000070a700000| Untracked 
| 112|0x000000070a800000, 0x000000070a800000, 0x000000070a900000|  0%| F|  |TAMS 0x000000070a800000, 0x000000070a800000| Untracked 
| 113|0x000000070a900000, 0x000000070a900000, 0x000000070aa00000|  0%| F|  |TAMS 0x000000070a900000, 0x000000070a900000| Untracked 
| 114|0x000000070aa00000, 0x000000070aa00000, 0x000000070ab00000|  0%| F|  |TAMS 0x000000070aa00000, 0x000000070aa00000| Untracked 
| 115|0x000000070ab00000, 0x000000070ab00000, 0x000000070ac00000|  0%| F|  |TAMS 0x000000070ab00000, 0x000000070ab00000| Untracked 
| 116|0x000000070ac00000, 0x000000070ac00000, 0x000000070ad00000|  0%| F|  |TAMS 0x000000070ac00000, 0x000000070ac00000| Untracked 
| 117|0x000000070ad00000, 0x000000070ad00000, 0x000000070ae00000|  0%| F|  |TAMS 0x000000070ad00000, 0x000000070ad00000| Untracked 
| 118|0x000000070ae00000, 0x000000070ae00000, 0x000000070af00000|  0%| F|  |TAMS 0x000000070ae00000, 0x000000070ae00000| Untracked 
| 119|0x000000070af00000, 0x000000070af00000, 0x000000070b000000|  0%| F|  |TAMS 0x000000070af00000, 0x000000070af00000| Untracked 
| 120|0x000000070b000000, 0x000000070b000000, 0x000000070b100000|  0%| F|  |TAMS 0x000000070b000000, 0x000000070b000000| Untracked 
| 121|0x000000070b100000, 0x000000070b100000, 0x000000070b200000|  0%| F|  |TAMS 0x000000070b100000, 0x000000070b100000| Untracked 
| 122|0x000000070b200000, 0x000000070b200000, 0x000000070b300000|  0%| F|  |TAMS 0x000000070b200000, 0x000000070b200000| Untracked 
| 123|0x000000070b300000, 0x000000070b300000, 0x000000070b400000|  0%| F|  |TAMS 0x000000070b300000, 0x000000070b300000| Untracked 
| 124|0x000000070b400000, 0x000000070b400000, 0x000000070b500000|  0%| F|  |TAMS 0x000000070b400000, 0x000000070b400000| Untracked 
| 125|0x000000070b500000, 0x000000070b500000, 0x000000070b600000|  0%| F|  |TAMS 0x000000070b500000, 0x000000070b500000| Untracked 
| 126|0x000000070b600000, 0x000000070b600000, 0x000000070b700000|  0%| F|  |TAMS 0x000000070b600000, 0x000000070b600000| Untracked 
| 127|0x000000070b700000, 0x000000070b700000, 0x000000070b800000|  0%| F|  |TAMS 0x000000070b700000, 0x000000070b700000| Untracked 
| 128|0x000000070b800000, 0x000000070b800000, 0x000000070b900000|  0%| F|  |TAMS 0x000000070b800000, 0x000000070b800000| Untracked 
| 129|0x000000070b900000, 0x000000070b900000, 0x000000070ba00000|  0%| F|  |TAMS 0x000000070b900000, 0x000000070b900000| Untracked 
| 130|0x000000070ba00000, 0x000000070ba00000, 0x000000070bb00000|  0%| F|  |TAMS 0x000000070ba00000, 0x000000070ba00000| Untracked 
| 131|0x000000070bb00000, 0x000000070bb00000, 0x000000070bc00000|  0%| F|  |TAMS 0x000000070bb00000, 0x000000070bb00000| Untracked 
| 132|0x000000070bc00000, 0x000000070bc00000, 0x000000070bd00000|  0%| F|  |TAMS 0x000000070bc00000, 0x000000070bc00000| Untracked 
| 133|0x000000070bd00000, 0x000000070bd00000, 0x000000070be00000|  0%| F|  |TAMS 0x000000070bd00000, 0x000000070bd00000| Untracked 
| 134|0x000000070be00000, 0x000000070be00000, 0x000000070bf00000|  0%| F|  |TAMS 0x000000070be00000, 0x000000070be00000| Untracked 
| 135|0x000000070bf00000, 0x000000070bf00000, 0x000000070c000000|  0%| F|  |TAMS 0x000000070bf00000, 0x000000070bf00000| Untracked 
| 136|0x000000070c000000, 0x000000070c000000, 0x000000070c100000|  0%| F|  |TAMS 0x000000070c000000, 0x000000070c000000| Untracked 
| 137|0x000000070c100000, 0x000000070c100000, 0x000000070c200000|  0%| F|  |TAMS 0x000000070c100000, 0x000000070c100000| Untracked 
| 138|0x000000070c200000, 0x000000070c200000, 0x000000070c300000|  0%| F|  |TAMS 0x000000070c200000, 0x000000070c200000| Untracked 
| 139|0x000000070c300000, 0x000000070c300000, 0x000000070c400000|  0%| F|  |TAMS 0x000000070c300000, 0x000000070c300000| Untracked 
| 140|0x000000070c400000, 0x000000070c400000, 0x000000070c500000|  0%| F|  |TAMS 0x000000070c400000, 0x000000070c400000| Untracked 
| 141|0x000000070c500000, 0x000000070c500000, 0x000000070c600000|  0%| F|  |TAMS 0x000000070c500000, 0x000000070c500000| Untracked 
| 142|0x000000070c600000, 0x000000070c600000, 0x000000070c700000|  0%| F|  |TAMS 0x000000070c600000, 0x000000070c600000| Untracked 
| 143|0x000000070c700000, 0x000000070c700000, 0x000000070c800000|  0%| F|  |TAMS 0x000000070c700000, 0x000000070c700000| Untracked 
| 144|0x000000070c800000, 0x000000070c800000, 0x000000070c900000|  0%| F|  |TAMS 0x000000070c800000, 0x000000070c800000| Untracked 
| 145|0x000000070c900000, 0x000000070c900000, 0x000000070ca00000|  0%| F|  |TAMS 0x000000070c900000, 0x000000070c900000| Untracked 
| 146|0x000000070ca00000, 0x000000070ca00000, 0x000000070cb00000|  0%| F|  |TAMS 0x000000070ca00000, 0x000000070ca00000| Untracked 
| 147|0x000000070cb00000, 0x000000070cb00000, 0x000000070cc00000|  0%| F|  |TAMS 0x000000070cb00000, 0x000000070cb00000| Untracked 
| 148|0x000000070cc00000, 0x000000070cc00000, 0x000000070cd00000|  0%| F|  |TAMS 0x000000070cc00000, 0x000000070cc00000| Untracked 
| 149|0x000000070cd00000, 0x000000070cd00000, 0x000000070ce00000|  0%| F|  |TAMS 0x000000070cd00000, 0x000000070cd00000| Untracked 
| 150|0x000000070ce00000, 0x000000070ce00000, 0x000000070cf00000|  0%| F|  |TAMS 0x000000070ce00000, 0x000000070ce00000| Untracked 
| 151|0x000000070cf00000, 0x000000070cf00000, 0x000000070d000000|  0%| F|  |TAMS 0x000000070cf00000, 0x000000070cf00000| Untracked 
| 152|0x000000070d000000, 0x000000070d000000, 0x000000070d100000|  0%| F|  |TAMS 0x000000070d000000, 0x000000070d000000| Untracked 
| 153|0x000000070d100000, 0x000000070d100000, 0x000000070d200000|  0%| F|  |TAMS 0x000000070d100000, 0x000000070d100000| Untracked 
| 154|0x000000070d200000, 0x000000070d200000, 0x000000070d300000|  0%| F|  |TAMS 0x000000070d200000, 0x000000070d200000| Untracked 
| 155|0x000000070d300000, 0x000000070d300000, 0x000000070d400000|  0%| F|  |TAMS 0x000000070d300000, 0x000000070d300000| Untracked 
| 156|0x000000070d400000, 0x000000070d400000, 0x000000070d500000|  0%| F|  |TAMS 0x000000070d400000, 0x000000070d400000| Untracked 
| 157|0x000000070d500000, 0x000000070d500000, 0x000000070d600000|  0%| F|  |TAMS 0x000000070d500000, 0x000000070d500000| Untracked 
| 158|0x000000070d600000, 0x000000070d600000, 0x000000070d700000|  0%| F|  |TAMS 0x000000070d600000, 0x000000070d600000| Untracked 
| 159|0x000000070d700000, 0x000000070d700000, 0x000000070d800000|  0%| F|  |TAMS 0x000000070d700000, 0x000000070d700000| Untracked 
| 160|0x000000070d800000, 0x000000070d800000, 0x000000070d900000|  0%| F|  |TAMS 0x000000070d800000, 0x000000070d800000| Untracked 
| 161|0x000000070d900000, 0x000000070d900000, 0x000000070da00000|  0%| F|  |TAMS 0x000000070d900000, 0x000000070d900000| Untracked 
| 162|0x000000070da00000, 0x000000070da00000, 0x000000070db00000|  0%| F|  |TAMS 0x000000070da00000, 0x000000070da00000| Untracked 
| 163|0x000000070db00000, 0x000000070db00000, 0x000000070dc00000|  0%| F|  |TAMS 0x000000070db00000, 0x000000070db00000| Untracked 
| 164|0x000000070dc00000, 0x000000070dc00000, 0x000000070dd00000|  0%| F|  |TAMS 0x000000070dc00000, 0x000000070dc00000| Untracked 
| 165|0x000000070dd00000, 0x000000070dd00000, 0x000000070de00000|  0%| F|  |TAMS 0x000000070dd00000, 0x000000070dd00000| Untracked 
| 166|0x000000070de00000, 0x000000070de00000, 0x000000070df00000|  0%| F|  |TAMS 0x000000070de00000, 0x000000070de00000| Untracked 
| 167|0x000000070df00000, 0x000000070df00000, 0x000000070e000000|  0%| F|  |TAMS 0x000000070df00000, 0x000000070df00000| Untracked 
| 168|0x000000070e000000, 0x000000070e000000, 0x000000070e100000|  0%| F|  |TAMS 0x000000070e000000, 0x000000070e000000| Untracked 
| 169|0x000000070e100000, 0x000000070e100000, 0x000000070e200000|  0%| F|  |TAMS 0x000000070e100000, 0x000000070e100000| Untracked 
| 170|0x000000070e200000, 0x000000070e200000, 0x000000070e300000|  0%| F|  |TAMS 0x000000070e200000, 0x000000070e200000| Untracked 
| 171|0x000000070e300000, 0x000000070e300000, 0x000000070e400000|  0%| F|  |TAMS 0x000000070e300000, 0x000000070e300000| Untracked 
| 172|0x000000070e400000, 0x000000070e400000, 0x000000070e500000|  0%| F|  |TAMS 0x000000070e400000, 0x000000070e400000| Untracked 
| 173|0x000000070e500000, 0x000000070e500000, 0x000000070e600000|  0%| F|  |TAMS 0x000000070e500000, 0x000000070e500000| Untracked 
| 174|0x000000070e600000, 0x000000070e600000, 0x000000070e700000|  0%| F|  |TAMS 0x000000070e600000, 0x000000070e600000| Untracked 
| 175|0x000000070e700000, 0x000000070e700000, 0x000000070e800000|  0%| F|  |TAMS 0x000000070e700000, 0x000000070e700000| Untracked 
| 176|0x000000070e800000, 0x000000070e800000, 0x000000070e900000|  0%| F|  |TAMS 0x000000070e800000, 0x000000070e800000| Untracked 
| 177|0x000000070e900000, 0x000000070e900000, 0x000000070ea00000|  0%| F|  |TAMS 0x000000070e900000, 0x000000070e900000| Untracked 
| 178|0x000000070ea00000, 0x000000070ea00000, 0x000000070eb00000|  0%| F|  |TAMS 0x000000070ea00000, 0x000000070ea00000| Untracked 
| 179|0x000000070eb00000, 0x000000070eb00000, 0x000000070ec00000|  0%| F|  |TAMS 0x000000070eb00000, 0x000000070eb00000| Untracked 
| 180|0x000000070ec00000, 0x000000070ec00000, 0x000000070ed00000|  0%| F|  |TAMS 0x000000070ec00000, 0x000000070ec00000| Untracked 
| 181|0x000000070ed00000, 0x000000070ed00000, 0x000000070ee00000|  0%| F|  |TAMS 0x000000070ed00000, 0x000000070ed00000| Untracked 
| 182|0x000000070ee00000, 0x000000070ee00000, 0x000000070ef00000|  0%| F|  |TAMS 0x000000070ee00000, 0x000000070ee00000| Untracked 
| 183|0x000000070ef00000, 0x000000070ef00000, 0x000000070f000000|  0%| F|  |TAMS 0x000000070ef00000, 0x000000070ef00000| Untracked 
| 184|0x000000070f000000, 0x000000070f000000, 0x000000070f100000|  0%| F|  |TAMS 0x000000070f000000, 0x000000070f000000| Untracked 
| 185|0x000000070f100000, 0x000000070f100000, 0x000000070f200000|  0%| F|  |TAMS 0x000000070f100000, 0x000000070f100000| Untracked 
| 186|0x000000070f200000, 0x000000070f200000, 0x000000070f300000|  0%| F|  |TAMS 0x000000070f200000, 0x000000070f200000| Untracked 
| 187|0x000000070f300000, 0x000000070f300000, 0x000000070f400000|  0%| F|  |TAMS 0x000000070f300000, 0x000000070f300000| Untracked 
| 188|0x000000070f400000, 0x000000070f400000, 0x000000070f500000|  0%| F|  |TAMS 0x000000070f400000, 0x000000070f400000| Untracked 
| 189|0x000000070f500000, 0x000000070f500000, 0x000000070f600000|  0%| F|  |TAMS 0x000000070f500000, 0x000000070f500000| Untracked 
| 190|0x000000070f600000, 0x000000070f600000, 0x000000070f700000|  0%| F|  |TAMS 0x000000070f600000, 0x000000070f600000| Untracked 
| 191|0x000000070f700000, 0x000000070f700000, 0x000000070f800000|  0%| F|  |TAMS 0x000000070f700000, 0x000000070f700000| Untracked 
| 192|0x000000070f800000, 0x000000070f800000, 0x000000070f900000|  0%| F|  |TAMS 0x000000070f800000, 0x000000070f800000| Untracked 
| 193|0x000000070f900000, 0x000000070f900000, 0x000000070fa00000|  0%| F|  |TAMS 0x000000070f900000, 0x000000070f900000| Untracked 
| 194|0x000000070fa00000, 0x000000070fa00000, 0x000000070fb00000|  0%| F|  |TAMS 0x000000070fa00000, 0x000000070fa00000| Untracked 
| 195|0x000000070fb00000, 0x000000070fb00000, 0x000000070fc00000|  0%| F|  |TAMS 0x000000070fb00000, 0x000000070fb00000| Untracked 
| 196|0x000000070fc00000, 0x000000070fc00000, 0x000000070fd00000|  0%| F|  |TAMS 0x000000070fc00000, 0x000000070fc00000| Untracked 
| 197|0x000000070fd00000, 0x000000070fd00000, 0x000000070fe00000|  0%| F|  |TAMS 0x000000070fd00000, 0x000000070fd00000| Untracked 
| 198|0x000000070fe00000, 0x000000070fe00000, 0x000000070ff00000|  0%| F|  |TAMS 0x000000070fe00000, 0x000000070fe00000| Untracked 
| 199|0x000000070ff00000, 0x000000070ff00000, 0x0000000710000000|  0%| F|  |TAMS 0x000000070ff00000, 0x000000070ff00000| Untracked 
| 200|0x0000000710000000, 0x0000000710000000, 0x0000000710100000|  0%| F|  |TAMS 0x0000000710000000, 0x0000000710000000| Untracked 
| 201|0x0000000710100000, 0x0000000710100000, 0x0000000710200000|  0%| F|  |TAMS 0x0000000710100000, 0x0000000710100000| Untracked 
| 202|0x0000000710200000, 0x0000000710200000, 0x0000000710300000|  0%| F|  |TAMS 0x0000000710200000, 0x0000000710200000| Untracked 
| 203|0x0000000710300000, 0x0000000710300000, 0x0000000710400000|  0%| F|  |TAMS 0x0000000710300000, 0x0000000710300000| Untracked 
| 204|0x0000000710400000, 0x0000000710400000, 0x0000000710500000|  0%| F|  |TAMS 0x0000000710400000, 0x0000000710400000| Untracked 
| 205|0x0000000710500000, 0x0000000710500000, 0x0000000710600000|  0%| F|  |TAMS 0x0000000710500000, 0x0000000710500000| Untracked 
| 206|0x0000000710600000, 0x0000000710600000, 0x0000000710700000|  0%| F|  |TAMS 0x0000000710600000, 0x0000000710600000| Untracked 
| 207|0x0000000710700000, 0x0000000710700000, 0x0000000710800000|  0%| F|  |TAMS 0x0000000710700000, 0x0000000710700000| Untracked 
| 208|0x0000000710800000, 0x0000000710800000, 0x0000000710900000|  0%| F|  |TAMS 0x0000000710800000, 0x0000000710800000| Untracked 
| 209|0x0000000710900000, 0x0000000710900000, 0x0000000710a00000|  0%| F|  |TAMS 0x0000000710900000, 0x0000000710900000| Untracked 
| 210|0x0000000710a00000, 0x0000000710a00000, 0x0000000710b00000|  0%| F|  |TAMS 0x0000000710a00000, 0x0000000710a00000| Untracked 
| 211|0x0000000710b00000, 0x0000000710b00000, 0x0000000710c00000|  0%| F|  |TAMS 0x0000000710b00000, 0x0000000710b00000| Untracked 
| 212|0x0000000710c00000, 0x0000000710c00000, 0x0000000710d00000|  0%| F|  |TAMS 0x0000000710c00000, 0x0000000710c00000| Untracked 
| 213|0x0000000710d00000, 0x0000000710d00000, 0x0000000710e00000|  0%| F|  |TAMS 0x0000000710d00000, 0x0000000710d00000| Untracked 
| 214|0x0000000710e00000, 0x0000000710e00000, 0x0000000710f00000|  0%| F|  |TAMS 0x0000000710e00000, 0x0000000710e00000| Untracked 
| 215|0x0000000710f00000, 0x0000000710f00000, 0x0000000711000000|  0%| F|  |TAMS 0x0000000710f00000, 0x0000000710f00000| Untracked 
| 216|0x0000000711000000, 0x0000000711000000, 0x0000000711100000|  0%| F|  |TAMS 0x0000000711000000, 0x0000000711000000| Untracked 
| 217|0x0000000711100000, 0x0000000711100000, 0x0000000711200000|  0%| F|  |TAMS 0x0000000711100000, 0x0000000711100000| Untracked 
| 218|0x0000000711200000, 0x0000000711200000, 0x0000000711300000|  0%| F|  |TAMS 0x0000000711200000, 0x0000000711200000| Untracked 
| 219|0x0000000711300000, 0x0000000711300000, 0x0000000711400000|  0%| F|  |TAMS 0x0000000711300000, 0x0000000711300000| Untracked 
| 220|0x0000000711400000, 0x0000000711400000, 0x0000000711500000|  0%| F|  |TAMS 0x0000000711400000, 0x0000000711400000| Untracked 
| 221|0x0000000711500000, 0x0000000711500000, 0x0000000711600000|  0%| F|  |TAMS 0x0000000711500000, 0x0000000711500000| Untracked 
| 222|0x0000000711600000, 0x0000000711600000, 0x0000000711700000|  0%| F|  |TAMS 0x0000000711600000, 0x0000000711600000| Untracked 
| 223|0x0000000711700000, 0x0000000711700000, 0x0000000711800000|  0%| F|  |TAMS 0x0000000711700000, 0x0000000711700000| Untracked 
| 224|0x0000000711800000, 0x0000000711800000, 0x0000000711900000|  0%| F|  |TAMS 0x0000000711800000, 0x0000000711800000| Untracked 
| 225|0x0000000711900000, 0x0000000711900000, 0x0000000711a00000|  0%| F|  |TAMS 0x0000000711900000, 0x0000000711900000| Untracked 
| 226|0x0000000711a00000, 0x0000000711a00000, 0x0000000711b00000|  0%| F|  |TAMS 0x0000000711a00000, 0x0000000711a00000| Untracked 
| 227|0x0000000711b00000, 0x0000000711b00000, 0x0000000711c00000|  0%| F|  |TAMS 0x0000000711b00000, 0x0000000711b00000| Untracked 
| 228|0x0000000711c00000, 0x0000000711c00000, 0x0000000711d00000|  0%| F|  |TAMS 0x0000000711c00000, 0x0000000711c00000| Untracked 
| 229|0x0000000711d00000, 0x0000000711d00000, 0x0000000711e00000|  0%| F|  |TAMS 0x0000000711d00000, 0x0000000711d00000| Untracked 
| 230|0x0000000711e00000, 0x0000000711e00000, 0x0000000711f00000|  0%| F|  |TAMS 0x0000000711e00000, 0x0000000711e00000| Untracked 
| 231|0x0000000711f00000, 0x0000000711f00000, 0x0000000712000000|  0%| F|  |TAMS 0x0000000711f00000, 0x0000000711f00000| Untracked 
| 232|0x0000000712000000, 0x0000000712000000, 0x0000000712100000|  0%| F|  |TAMS 0x0000000712000000, 0x0000000712000000| Untracked 
| 233|0x0000000712100000, 0x0000000712100000, 0x0000000712200000|  0%| F|  |TAMS 0x0000000712100000, 0x0000000712100000| Untracked 
| 234|0x0000000712200000, 0x0000000712200000, 0x0000000712300000|  0%| F|  |TAMS 0x0000000712200000, 0x0000000712200000| Untracked 
| 235|0x0000000712300000, 0x0000000712300000, 0x0000000712400000|  0%| F|  |TAMS 0x0000000712300000, 0x0000000712300000| Untracked 
| 236|0x0000000712400000, 0x0000000712400000, 0x0000000712500000|  0%| F|  |TAMS 0x0000000712400000, 0x0000000712400000| Untracked 
| 237|0x0000000712500000, 0x0000000712500000, 0x0000000712600000|  0%| F|  |TAMS 0x0000000712500000, 0x0000000712500000| Untracked 
| 238|0x0000000712600000, 0x0000000712600000, 0x0000000712700000|  0%| F|  |TAMS 0x0000000712600000, 0x0000000712600000| Untracked 
| 239|0x0000000712700000, 0x0000000712700000, 0x0000000712800000|  0%| F|  |TAMS 0x0000000712700000, 0x0000000712700000| Untracked 
| 240|0x0000000712800000, 0x0000000712800000, 0x0000000712900000|  0%| F|  |TAMS 0x0000000712800000, 0x0000000712800000| Untracked 
| 241|0x0000000712900000, 0x0000000712900000, 0x0000000712a00000|  0%| F|  |TAMS 0x0000000712900000, 0x0000000712900000| Untracked 
| 242|0x0000000712a00000, 0x0000000712a00000, 0x0000000712b00000|  0%| F|  |TAMS 0x0000000712a00000, 0x0000000712a00000| Untracked 
| 243|0x0000000712b00000, 0x0000000712b00000, 0x0000000712c00000|  0%| F|  |TAMS 0x0000000712b00000, 0x0000000712b00000| Untracked 
| 244|0x0000000712c00000, 0x0000000712c00000, 0x0000000712d00000|  0%| F|  |TAMS 0x0000000712c00000, 0x0000000712c00000| Untracked 
| 245|0x0000000712d00000, 0x0000000712d00000, 0x0000000712e00000|  0%| F|  |TAMS 0x0000000712d00000, 0x0000000712d00000| Untracked 
| 246|0x0000000712e00000, 0x0000000712e00000, 0x0000000712f00000|  0%| F|  |TAMS 0x0000000712e00000, 0x0000000712e00000| Untracked 
| 247|0x0000000712f00000, 0x0000000712f00000, 0x0000000713000000|  0%| F|  |TAMS 0x0000000712f00000, 0x0000000712f00000| Untracked 
| 248|0x0000000713000000, 0x0000000713000000, 0x0000000713100000|  0%| F|  |TAMS 0x0000000713000000, 0x0000000713000000| Untracked 
| 249|0x0000000713100000, 0x000000071317b628, 0x0000000713200000| 48%| E|  |TAMS 0x0000000713100000, 0x0000000713100000| Complete 
| 250|0x0000000713200000, 0x0000000713300000, 0x0000000713300000|100%| E|CS|TAMS 0x0000000713200000, 0x0000000713200000| Complete 
| 251|0x0000000713300000, 0x0000000713400000, 0x0000000713400000|100%| E|CS|TAMS 0x0000000713300000, 0x0000000713300000| Complete 
| 252|0x0000000713400000, 0x0000000713500000, 0x0000000713500000|100%| E|CS|TAMS 0x0000000713400000, 0x0000000713400000| Complete 
| 253|0x0000000713500000, 0x0000000713600000, 0x0000000713600000|100%| E|CS|TAMS 0x0000000713500000, 0x0000000713500000| Complete 

Card table byte_map: [0x0000017a95140000,0x0000017a95930000] _byte_map_base: 0x0000017a91924000

Marking Bits (Prev, Next): (CMBitMap*) 0x0000017affa1a4e8, (CMBitMap*) 0x0000017affa1a520
 Prev Bits: [0x0000017a96120000, 0x0000017a9a040000)
 Next Bits: [0x0000017a9a040000, 0x0000017a9df60000)

Polling page: 0x0000017aff4a0000

Metaspace:

Usage:
  Non-class:      4.05 MB capacity,   995.82 KB ( 24%) used,     3.08 MB ( 76%) free+waste,     2.38 KB ( <1%) overhead. 
      Class:    409.00 KB capacity,    95.48 KB ( 23%) used,   312.08 KB ( 76%) free+waste,     1.44 KB ( <1%) overhead. 
       Both:      4.45 MB capacity,     1.07 MB ( 24%) used,     3.38 MB ( 76%) free+waste,     3.81 KB ( <1%) overhead. 

Virtual space:
  Non-class space:        8.00 MB reserved,       4.25 MB ( 53%) committed 
      Class space:        1.00 GB reserved,     512.00 KB ( <1%) committed 
             Both:        1.01 GB reserved,       4.75 MB ( <1%) committed 

Chunk freelists:
   Non-Class:  1.00 KB
       Class:  0 bytes
        Both:  1.00 KB

MaxMetaspaceSize: 17179869184.00 GB
CompressedClassSpaceSize: 1.00 GB

CodeHeap 'non-profiled nmethods': size=120000Kb used=80Kb max_used=80Kb free=119919Kb
 bounds [0x0000017a8ced0000, 0x0000017a8d140000, 0x0000017a94400000]
CodeHeap 'profiled nmethods': size=120000Kb used=346Kb max_used=346Kb free=119653Kb
 bounds [0x0000017a859a0000, 0x0000017a85c10000, 0x0000017a8ced0000]
CodeHeap 'non-nmethods': size=5760Kb used=1081Kb max_used=1096Kb free=4678Kb
 bounds [0x0000017a85400000, 0x0000017a85670000, 0x0000017a859a0000]
 total_blobs=944 nmethods=250 adapters=267
 compilation: enabled
              stopped_count=0, restarted_count=0
 full_count=0

Compilation events (20 events):
Event: 1.042 Thread 0x0000017aa0aed800 nmethod 241 0x0000017a8cee2010 code [0x0000017a8cee21c0, 0x0000017a8cee22f8]
Event: 1.042 Thread 0x0000017aa0aed800  242       3       java.util.LinkedHashMap::newNode (23 bytes)
Event: 1.042 Thread 0x0000017aa0aed800 nmethod 242 0x0000017a859f3610 code [0x0000017a859f3800, 0x0000017a859f3eb8]
Event: 1.042 Thread 0x0000017aa0aed800  244       3       java.util.LinkedHashMap::linkNodeLast (33 bytes)
Event: 1.043 Thread 0x0000017aa0aed800 nmethod 244 0x0000017a859f4090 code [0x0000017a859f4260, 0x0000017a859f45d8]
Event: 1.043 Thread 0x0000017aa0aed800  245       3       java.util.LinkedHashMap::afterNodeInsertion (40 bytes)
Event: 1.043 Thread 0x0000017aa0aed800 nmethod 245 0x0000017a859f4710 code [0x0000017a859f4900, 0x0000017a859f4e10]
Event: 1.043 Thread 0x0000017aa0aed800  243       3       java.util.LinkedHashMap$Entry::<init> (10 bytes)
Event: 1.043 Thread 0x0000017aa0aed800 nmethod 243 0x0000017a859f4f90 code [0x0000017a859f5160, 0x0000017a859f54d8]
Event: 1.053 Thread 0x0000017aa0aed800  246       1       java.util.concurrent.ConcurrentHashMap$MapEntry::getKey (5 bytes)
Event: 1.053 Thread 0x0000017aa0aed800 nmethod 246 0x0000017a8cee2390 code [0x0000017a8cee2540, 0x0000017a8cee2678]
Event: 1.053 Thread 0x0000017aa0aed800  248       3       java.lang.AbstractStringBuilder::<init> (39 bytes)
Event: 1.054 Thread 0x0000017aa0aed800 nmethod 248 0x0000017a859f5610 code [0x0000017a859f57e0, 0x0000017a859f5af8]
Event: 1.054 Thread 0x0000017aa0aed800  249       3       java.lang.StringBuilder::toString (35 bytes)
Event: 1.054 Thread 0x0000017aa0aed800 nmethod 249 0x0000017a859f5c10 code [0x0000017a859f5e00, 0x0000017a859f6340]
Event: 1.054 Thread 0x0000017aa0aed800  250       3       java.lang.StringLatin1::inflate (34 bytes)
Event: 1.054 Thread 0x0000017aa0aed800 nmethod 250 0x0000017a859f6510 code [0x0000017a859f66e0, 0x0000017a859f6938]
Event: 1.054 Thread 0x0000017aa0aed800  247       1       java.util.concurrent.ConcurrentHashMap$MapEntry::getValue (5 bytes)
Event: 1.054 Thread 0x0000017aa0aed800 nmethod 247 0x0000017a8cee2710 code [0x0000017a8cee28c0, 0x0000017a8cee29f8]
Event: 1.060 Thread 0x0000017aa0acb000 nmethod 240 0x0000017a8cee2a90 code [0x0000017a8cee2c80, 0x0000017a8cee3b18]

GC Heap History (0 events):
No events

Deoptimization events (20 events):
Event: 0.126 Thread 0x0000017aff9b6800 DEOPT PACKING pc=0x0000017a8ced9e88 sp=0x0000002d369fe490
Event: 0.126 Thread 0x0000017aff9b6800 DEOPT UNPACKING pc=0x0000017a8540822f sp=0x0000002d369fe420 mode 2
Event: 0.156 Thread 0x0000017aff9b6800 Uncommon trap: trap_request=0xffffffde fr.pc=0x0000017a8cedebb4 relative=0x0000000000000b34
Event: 0.156 Thread 0x0000017aff9b6800 Uncommon trap: reason=class_check action=maybe_recompile pc=0x0000017a8cedebb4 method=java.util.HashMap.putVal(ILjava/lang/Object;Ljava/lang/Object;ZZ)Ljava/lang/Object; @ 152 c2
Event: 0.156 Thread 0x0000017aff9b6800 DEOPT PACKING pc=0x0000017a8cedebb4 sp=0x0000002d369fe8b0
Event: 0.156 Thread 0x0000017aff9b6800 DEOPT UNPACKING pc=0x0000017a8540822f sp=0x0000002d369fe830 mode 2
Event: 0.165 Thread 0x0000017aff9b6800 DEOPT PACKING pc=0x0000017a859ddd0c sp=0x0000002d369ff630
Event: 0.165 Thread 0x0000017aff9b6800 DEOPT UNPACKING pc=0x0000017a8542a85e sp=0x0000002d369feaf0 mode 0
Event: 0.170 Thread 0x0000017aa15ad800 Uncommon trap: trap_request=0xffffffde fr.pc=0x0000017a8cedebb4 relative=0x0000000000000b34
Event: 0.170 Thread 0x0000017aa15ad800 Uncommon trap: reason=class_check action=maybe_recompile pc=0x0000017a8cedebb4 method=java.util.HashMap.putVal(ILjava/lang/Object;Ljava/lang/Object;ZZ)Ljava/lang/Object; @ 152 c2
Event: 0.170 Thread 0x0000017aa15ad800 DEOPT PACKING pc=0x0000017a8cedebb4 sp=0x0000002d379f85a0
Event: 0.170 Thread 0x0000017aa15ad800 DEOPT UNPACKING pc=0x0000017a8540822f sp=0x0000002d379f8520 mode 2
Event: 1.042 Thread 0x0000017aa0ac6800 Uncommon trap: trap_request=0xffffffde fr.pc=0x0000017a8cedebb4 relative=0x0000000000000b34
Event: 1.042 Thread 0x0000017aa0ac6800 Uncommon trap: reason=class_check action=maybe_recompile pc=0x0000017a8cedebb4 method=java.util.HashMap.putVal(ILjava/lang/Object;Ljava/lang/Object;ZZ)Ljava/lang/Object; @ 152 c2
Event: 1.042 Thread 0x0000017aa0ac6800 DEOPT PACKING pc=0x0000017a8cedebb4 sp=0x0000002d373fe5f0
Event: 1.042 Thread 0x0000017aa0ac6800 DEOPT UNPACKING pc=0x0000017a8540822f sp=0x0000002d373fe570 mode 2
Event: 1.042 Thread 0x0000017aa0ac6800 Uncommon trap: trap_request=0xffffffde fr.pc=0x0000017a8cedebb4 relative=0x0000000000000b34
Event: 1.042 Thread 0x0000017aa0ac6800 Uncommon trap: reason=class_check action=maybe_recompile pc=0x0000017a8cedebb4 method=java.util.HashMap.putVal(ILjava/lang/Object;Ljava/lang/Object;ZZ)Ljava/lang/Object; @ 152 c2
Event: 1.042 Thread 0x0000017aa0ac6800 DEOPT PACKING pc=0x0000017a8cedebb4 sp=0x0000002d373fe5f0
Event: 1.042 Thread 0x0000017aa0ac6800 DEOPT UNPACKING pc=0x0000017a8540822f sp=0x0000002d373fe570 mode 2

Classes redefined (0 events):
No events

Internal exceptions (0 events):
No events

Events (20 events):
Event: 1.033 loading class sun/util/cldr/CLDRTimeZoneNameProviderImpl
Event: 1.033 loading class sun/util/locale/provider/TimeZoneNameProviderImpl
Event: 1.033 loading class sun/util/locale/provider/TimeZoneNameProviderImpl done
Event: 1.033 loading class sun/util/cldr/CLDRTimeZoneNameProviderImpl done
Event: 1.035 loading class sun/util/locale/provider/BaseLocaleDataMetaInfo
Event: 1.035 loading class sun/util/locale/provider/BaseLocaleDataMetaInfo done
Event: 1.037 loading class sun/util/cldr/CLDRBaseLocaleDataMetaInfo$TZCanonicalIDMapHolder
Event: 1.037 loading class sun/util/cldr/CLDRBaseLocaleDataMetaInfo$TZCanonicalIDMapHolder done
Event: 1.039 loading class sun/util/resources/cldr/TimeZoneNames
Event: 1.039 loading class sun/util/resources/TimeZoneNamesBundle
Event: 1.039 loading class sun/util/resources/OpenListResourceBundle
Event: 1.039 loading class sun/util/resources/OpenListResourceBundle done
Event: 1.039 loading class sun/util/resources/TimeZoneNamesBundle done
Event: 1.039 loading class sun/util/resources/cldr/TimeZoneNames done
Event: 1.040 loading class sun/util/resources/cldr/TimeZoneNames_en
Event: 1.040 loading class sun/util/resources/cldr/TimeZoneNames_en done
Event: 1.041 loading class sun/util/resources/cldr/TimeZoneNames_en_US
Event: 1.041 loading class sun/util/resources/cldr/TimeZoneNames_en_US done
Event: 1.042 loading class java/util/LinkedHashMap$LinkedKeySet
Event: 1.042 loading class java/util/LinkedHashMap$LinkedKeySet done


Dynamic libraries:
0x00007ff662410000 - 0x00007ff66241a000 	D:\IJidea\IntelliJ IDEA 2019.3.3\jbr\bin\java.exe
0x00007ffbeb2c0000 - 0x00007ffbeb4b0000 	C:\Windows\SYSTEM32\ntdll.dll
0x00007ffbe9510000 - 0x00007ffbe95c2000 	C:\Windows\System32\KERNEL32.DLL
0x00007ffbe8cc0000 - 0x00007ffbe8f64000 	C:\Windows\System32\KERNELBASE.dll
0x00007ffbe9170000 - 0x00007ffbe926a000 	C:\Windows\System32\ucrtbase.dll
0x00007ffbd6a70000 - 0x00007ffbd6a89000 	D:\IJidea\IntelliJ IDEA 2019.3.3\jbr\bin\jli.dll
0x00007ffbb8f50000 - 0x00007ffbb8f67000 	D:\IJidea\IntelliJ IDEA 2019.3.3\jbr\bin\VCRUNTIME140.dll
0x00007ffbea780000 - 0x00007ffbea914000 	C:\Windows\System32\USER32.dll
0x00007ffbe9270000 - 0x00007ffbe9291000 	C:\Windows\System32\win32u.dll
0x00007ffbeada0000 - 0x00007ffbeadc6000 	C:\Windows\System32\GDI32.dll
0x00007ffbe8ac0000 - 0x00007ffbe8c55000 	C:\Windows\System32\gdi32full.dll
0x00007ffbe92d0000 - 0x00007ffbe936e000 	C:\Windows\System32\msvcp_win.dll
0x00007ffbd0120000 - 0x00007ffbd03a4000 	C:\Windows\WinSxS\amd64_microsoft.windows.common-controls_6595b64144ccf1df_6.0.18362.900_none_e6beb9d913147d17\COMCTL32.dll
0x00007ffbeadd0000 - 0x00007ffbeae6e000 	C:\Windows\System32\msvcrt.dll
0x00007ffbeaf40000 - 0x00007ffbeb275000 	C:\Windows\System32\combase.dll
0x00007ffbea660000 - 0x00007ffbea780000 	C:\Windows\System32\RPCRT4.dll
0x00007ffbe82a0000 - 0x00007ffbe8320000 	C:\Windows\System32\bcryptPrimitives.dll
0x00007ffbea4c0000 - 0x00007ffbea4ee000 	C:\Windows\System32\IMM32.DLL
0x00007ffba9880000 - 0x00007ffba991d000 	D:\IJidea\IntelliJ IDEA 2019.3.3\jbr\bin\msvcp140.dll
0x00007ffb86740000 - 0x00007ffb871fb000 	D:\IJidea\IntelliJ IDEA 2019.3.3\jbr\bin\server\jvm.dll
0x00007ffbe95d0000 - 0x00007ffbe9673000 	C:\Windows\System32\ADVAPI32.dll
0x00007ffbea3a0000 - 0x00007ffbea437000 	C:\Windows\System32\sechost.dll
0x00007ffbea390000 - 0x00007ffbea398000 	C:\Windows\System32\PSAPI.DLL
0x00007ffbde080000 - 0x00007ffbde089000 	C:\Windows\SYSTEM32\WSOCK32.dll
0x00007ffbea4f0000 - 0x00007ffbea55f000 	C:\Windows\System32\WS2_32.dll
0x00007ffbde890000 - 0x00007ffbde8b4000 	C:\Windows\SYSTEM32\WINMM.dll
0x00007ffbdb910000 - 0x00007ffbdb91a000 	C:\Windows\SYSTEM32\VERSION.dll
0x00007ffbde830000 - 0x00007ffbde85d000 	C:\Windows\SYSTEM32\winmmbase.dll
0x00007ffbe8250000 - 0x00007ffbe829a000 	C:\Windows\System32\cfgmgr32.dll
0x00007ffbe8190000 - 0x00007ffbe81a1000 	C:\Windows\System32\kernel.appcore.dll
0x00007ffbd7390000 - 0x00007ffbd73a1000 	D:\IJidea\IntelliJ IDEA 2019.3.3\jbr\bin\verify.dll
0x00007ffbe3200000 - 0x00007ffbe33f4000 	C:\Windows\SYSTEM32\DBGHELP.DLL
0x00007ffbc90b0000 - 0x00007ffbc90da000 	C:\Windows\SYSTEM32\dbgcore.DLL
0x00007ffbb5830000 - 0x00007ffbb5859000 	D:\IJidea\IntelliJ IDEA 2019.3.3\jbr\bin\java.dll
0x00007ffbe1110000 - 0x00007ffbe111f000 	D:\IJidea\IntelliJ IDEA 2019.3.3\jbr\bin\instrument.dll
0x00007ffbd5360000 - 0x00007ffbd5377000 	D:\IJidea\IntelliJ IDEA 2019.3.3\jbr\bin\zip.dll
0x00007ffbdebb0000 - 0x00007ffbdebbb000 	D:\IJidea\IntelliJ IDEA 2019.3.3\jbr\bin\jimage.dll
0x00007ffbe96f0000 - 0x00007ffbe9dd6000 	C:\Windows\System32\SHELL32.dll
0x00007ffbeac40000 - 0x00007ffbeace9000 	C:\Windows\System32\shcore.dll
0x00007ffbe8320000 - 0x00007ffbe8aa0000 	C:\Windows\System32\windows.storage.dll
0x00007ffbe8220000 - 0x00007ffbe8243000 	C:\Windows\System32\profapi.dll
0x00007ffbe81b0000 - 0x00007ffbe81fa000 	C:\Windows\System32\powrprof.dll
0x00007ffbe8180000 - 0x00007ffbe8190000 	C:\Windows\System32\UMPDC.dll
0x00007ffbe9370000 - 0x00007ffbe93c2000 	C:\Windows\System32\shlwapi.dll
0x00007ffbe8aa0000 - 0x00007ffbe8ab7000 	C:\Windows\System32\cryptsp.dll
0x00007ffbc2320000 - 0x00007ffbc233a000 	D:\IJidea\IntelliJ IDEA 2019.3.3\jbr\bin\net.dll
0x00007ffbe0050000 - 0x00007ffbe0140000 	C:\Windows\SYSTEM32\WINHTTP.dll
0x00007ffbe79f0000 - 0x00007ffbe7a57000 	C:\Windows\system32\mswsock.dll
0x00007ffbbcfc0000 - 0x00007ffbbcfd4000 	D:\IJidea\IntelliJ IDEA 2019.3.3\jbr\bin\nio.dll
0x00007ffbb0310000 - 0x00007ffbb032a000 	D:\IJidea\IntelliJ IDEA 2019.3.3\bin\breakgen64.dll

dbghelp: loaded successfully - version: 4.0.5 - missing functions: none
symbol engine: initialized successfully - sym options: 0x614 - pdb path: .;D:\IJidea\IntelliJ IDEA 2019.3.3\jbr\bin;C:\Windows\SYSTEM32;C:\Windows\WinSxS\amd64_microsoft.windows.common-controls_6595b64144ccf1df_6.0.18362.900_none_e6beb9d913147d17;D:\IJidea\IntelliJ IDEA 2019.3.3\jbr\bin\server;D:\IJidea\IntelliJ IDEA 2019.3.3\bin

VM Arguments:
jvm_args: -javaagent:D:\IJidea\IntelliJ IDEA 2019.3.3\lib\idea_rt.jar=51670:D:\IJidea\IntelliJ IDEA 2019.3.3\bin -Dfile.encoding=UTF-8 
java_command: com.company.Day03
java_class_path (initial): D:\java\daydayup\out\production\daydayup
Launcher Type: SUN_STANDARD

[Global flags]
     intx CICompilerCount                          = 4                                         {product} {ergonomic}
     uint ConcGCThreads                            = 2                                         {product} {ergonomic}
     uint G1ConcRefinementThreads                  = 8                                         {product} {ergonomic}
   size_t G1HeapRegionSize                         = 1048576                                   {product} {ergonomic}
    uintx GCDrainStackTargetSize                   = 64                                        {product} {ergonomic}
   size_t InitialHeapSize                          = 266338304                                 {product} {ergonomic}
   size_t MarkStackSize                            = 4194304                                   {product} {ergonomic}
   size_t MaxHeapSize                              = 4236247040                                {product} {ergonomic}
   size_t MaxNewSize                               = 2541748224                                {product} {ergonomic}
   size_t MinHeapDeltaBytes                        = 1048576                                   {product} {ergonomic}
    uintx NonNMethodCodeHeapSize                   = 5836300                                {pd product} {ergonomic}
    uintx NonProfiledCodeHeapSize                  = 122910970                              {pd product} {ergonomic}
    uintx ProfiledCodeHeapSize                     = 122910970                              {pd product} {ergonomic}
    uintx ReservedCodeCacheSize                    = 251658240                              {pd product} {ergonomic}
     bool SegmentedCodeCache                       = true                                      {product} {ergonomic}
     bool UseCompressedClassPointers               = true                                 {lp64_product} {ergonomic}
     bool UseCompressedOops                        = true                                 {lp64_product} {ergonomic}
     bool UseG1GC                                  = true                                      {product} {ergonomic}
     bool UseLargePagesIndividualAllocation        = false                                  {pd product} {ergonomic}

Logging:
Log output configuration:
 #0: stdout all=warning uptime,level,tags
 #1: stderr all=off uptime,level,tags

Environment Variables:
JAVA_HOME=D:\jdk-14.0.1_windows-x64_bin\jdk-14.0.1
PATH=C:\Windows\system32;C:\Windows;C:\Windows\System32\Wbem;C:\Windows\System32\WindowsPowerShell\v1.0\;C:\Windows\System32\OpenSSH\;C:\Program Files (x86)\NVIDIA Corporation\PhysX\Common;C:\Program Files\NVIDIA Corporation\NVIDIA NvDLISR;D:\jdk-14.0.1_windows-x64_bin\jdk-14.0.1\bin;D:\jdk-14.0.1_windows-x64_bin\jdk-14.0.1\jre\bin;C:\Users\37935\AppData\Local\Microsoft\WindowsApps;
USERNAME=zwx
OS=Windows_NT
PROCESSOR_IDENTIFIER=Intel64 Family 6 Model 126 Stepping 5, GenuineIntel



---------------  S Y S T E M  ---------------

OS: Windows 10 , 64 bit Build 18362 (10.0.18362.900)

CPU:total 8 (initial active 8) (4 cores per cpu, 2 threads per core) family 6 model 126 stepping 5, cmov, cx8, fxsr, mmx, sse, sse2, sse3, ssse3, sse4.1, sse4.2, popcnt, avx, avx2, aes, clmul, erms, 3dnowpref, lzcnt, ht, tsc, tscinvbit, bmi1, bmi2, adx, evex, sha, fma

Memory: 4k page, system-wide physical 16152M (8329M free)
TotalPageFile size 17176M (AvailPageFile size 3542M)
current process WorkingSet (physical memory assigned to process): 43M, peak: 45M
current process commit charge ("private bytes"): 339M, peak: 341M

vm_info: OpenJDK 64-Bit Server VM (11.0.5+10-b520.38) for windows-amd64 JRE (11.0.5+10-b520.38), built on Jan 23 2020 07:58:32 by "" with MS VC++ 14.0 (VS2015)

END.
